<?xml version="1.0" encoding="UTF-8"?>
<testsuites>
  <testsuite name="/app/tests/Station07" tests="3" assertions="3" errors="0" warnings="0" failures="0" skipped="0" time="0.356301">
    <testsuite name="Tests\Station07\QuestionTest" file="/app/tests/Station07/QuestionTest.php" tests="3" assertions="3" errors="0" warnings="0" failures="0" skipped="0" time="0.356301">
      <testcase name="one_期待値と一致するよう結合された連想配列を返す" class="Tests\Station07\QuestionTest" classname="Tests.Station07.QuestionTest" file="/app/tests/Station07/QuestionTest.php" line="23" assertions="1" time="0.356167"/>
      <testcase name="two_結合した姓名を要素に持つ配列を返す" class="Tests\Station07\QuestionTest" classname="Tests.Station07.QuestionTest" file="/app/tests/Station07/QuestionTest.php" line="40" assertions="1" time="0.000088"/>
      <testcase name="three_期待値と一致するよう抽出された連想配列を返す" class="Tests\Station07\QuestionTest" classname="Tests.Station07.QuestionTest" file="/app/tests/Station07/QuestionTest.php" line="51" assertions="1" time="0.000046"/>
    </testsuite>
  </testsuite>
</testsuites>
