<?xml version="1.0" encoding="UTF-8"?>
<testsuites>
  <testsuite name="/app/tests/Station05" tests="1" assertions="1" errors="0" warnings="0" failures="0" skipped="0" time="0.646919">
    <testsuite name="Tests\Station05\QuestionTest" file="/app/tests/Station05/QuestionTest.php" tests="1" assertions="1" errors="0" warnings="0" failures="0" skipped="0" time="0.646919">
      <testcase name="_1から9のうち3と7以上の値を除く数値の加算結果を返す" class="Tests\Station05\QuestionTest" classname="Tests.Station05.QuestionTest" file="/app/tests/Station05/QuestionTest.php" line="23" assertions="1" time="0.646919"/>
    </testsuite>
  </testsuite>
</testsuites>
