<?xml version="1.0" encoding="UTF-8"?>
<testsuites>
  <testsuite name="/app/tests/Station08" tests="1" assertions="1" errors="0" warnings="0" failures="0" skipped="0" time="0.344161">
    <testsuite name="Tests\Station08\QuestionTest" file="/app/tests/Station08/QuestionTest.php" tests="1" assertions="1" errors="0" warnings="0" failures="0" skipped="0" time="0.344161">
      <testcase name="整形した二次元配列を返す" class="Tests\Station08\QuestionTest" classname="Tests.Station08.QuestionTest" file="/app/tests/Station08/QuestionTest.php" line="23" assertions="1" time="0.344161"/>
    </testsuite>
  </testsuite>
</testsuites>
